<?xml version="1.0" encoding="UTF-8"?>
<!-- Generated by org.testng.reporters.JUnitReportReporter -->
<testsuite hostname="DESKTOP-3LQC5PV" failures="0" tests="5" name="testCase.TC_003_LoginDataDrivenTest" time="45.830" errors="0" timestamp="2023-01-26T22:14:54 IST" skipped="0">
  <testcase classname="testCase.TC_003_LoginDataDrivenTest" name="test_LoginDDT" time="10.849"/>
  <system-out/>
  <testcase classname="testCase.TC_003_LoginDataDrivenTest" name="test_LoginDDT" time="1.466"/>
  <system-out/>
  <testcase classname="testCase.TC_003_LoginDataDrivenTest" name="test_LoginDDT" time="11.886"/>
  <system-out/>
  <testcase classname="testCase.TC_003_LoginDataDrivenTest" name="test_LoginDDT" time="10.763"/>
  <system-out/>
  <testcase classname="testCase.TC_003_LoginDataDrivenTest" name="test_LoginDDT" time="10.866"/>
  <system-out/>
</testsuite> <!-- testCase.TC_003_LoginDataDrivenTest -->
