<?xml version="1.0" encoding="UTF-8"?>
<!-- Generated by org.testng.reporters.JUnitReportReporter -->
<testsuite hostname="DESKTOP-3LQC5PV" failures="0" tests="5" name="testCase.TC_003_LoginDDT" time="45.992" errors="0" timestamp="2023-03-06T07:15:52 IST" skipped="0">
  <testcase classname="testCase.TC_003_LoginDDT" name="test_loginDDT" time="1.279"/>
  <system-out/>
  <testcase classname="testCase.TC_003_LoginDDT" name="test_loginDDT" time="11.426"/>
  <system-out/>
  <testcase classname="testCase.TC_003_LoginDDT" name="test_loginDDT" time="10.831"/>
  <system-out/>
  <testcase classname="testCase.TC_003_LoginDDT" name="test_loginDDT" time="10.879"/>
  <system-out/>
  <testcase classname="testCase.TC_003_LoginDDT" name="test_loginDDT" time="11.577"/>
  <system-out/>
</testsuite> <!-- testCase.TC_003_LoginDDT -->
