<?xml version="1.0" encoding="UTF-8"?>
<!-- Generated by org.testng.reporters.JUnitReportReporter -->
<testsuite hostname="DESKTOP-3LQC5PV" failures="0" tests="1" name="testCase.TC_001_AccountRegistrationtTest" time="6.333" errors="0" timestamp="2023-03-06T07:04:13 IST" skipped="0">
  <testcase classname="testCase.TC_001_AccountRegistrationtTest" name="test_account_Registration" time="6.333"/>
  <system-out/>
</testsuite> <!-- testCase.TC_001_AccountRegistrationtTest -->
