<?xml version="1.0" encoding="UTF-8"?>
<!-- Generated by org.testng.reporters.JUnitReportReporter -->
<testsuite hostname="DESKTOP-3LQC5PV" failures="0" tests="5" name="testCase.TC_003_LoginDDT" time="49.294" errors="0" timestamp="2023-03-06T19:49:01 IST" skipped="0">
  <testcase classname="testCase.TC_003_LoginDDT" name="test_loginDDT" time="11.631"/>
  <system-out/>
  <testcase classname="testCase.TC_003_LoginDDT" name="test_loginDDT" time="11.776"/>
  <system-out/>
  <testcase classname="testCase.TC_003_LoginDDT" name="test_loginDDT" time="11.534"/>
  <system-out/>
  <testcase classname="testCase.TC_003_LoginDDT" name="test_loginDDT" time="2.765"/>
  <system-out/>
  <testcase classname="testCase.TC_003_LoginDDT" name="test_loginDDT" time="11.588"/>
  <system-out/>
</testsuite> <!-- testCase.TC_003_LoginDDT -->
